Der Buildvorgang wurde am 21.04.2015 11:46:46 gestartet.
     1>Projekt "C:\Users\Jonas\VektoriaV13_Beta\Atomkraftwerk\VektoriaApp\VektoriaApp.vcxproj" auf Knoten "2", Build Ziel(e).
     1>ClCompile:
         C:\Program Files (x86)\Microsoft Visual Studio 12.0\VC\bin\CL.exe /c /Zi /nologo /W3 /WX- /O2 /Oi /Oy- /GL /D _MBCS /Gm- /EHsc /MD /GS /Gy /fp:precise /Zc:wchar_t /Zc:forScope /Fo"Release\\" /Fd"Release\vc120.pdb" /Gd /TP /analyze- /errorReport:prompt Game.cpp
         Game.cpp
       Link:
         C:\Program Files (x86)\Microsoft Visual Studio 12.0\VC\bin\link.exe /ERRORREPORT:PROMPT /OUT:"C:\Users\Jonas\VektoriaV13_Beta\Atomkraftwerk\Release\VektoriaApp.exe" /NOLOGO kernel32.lib user32.lib gdi32.lib winspool.lib comdlg32.lib advapi32.lib shell32.lib ole32.lib oleaut32.lib uuid.lib odbc32.lib odbccp32.lib /MANIFEST /MANIFESTUAC:"level='asInvoker' uiAccess='false'" /manifest:embed /DEBUG /PDB:"C:\Users\Jonas\VektoriaV13_Beta\Atomkraftwerk\Release\VektoriaApp.pdb" /OPT:REF /OPT:ICF /LTCG /TLBID:1 /DYNAMICBASE /NXCOMPAT /IMPLIB:"C:\Users\Jonas\VektoriaV13_Beta\Atomkraftwerk\Release\VektoriaApp.lib" /MACHINE:X86 /SAFESEH Release\VektoriaApp.res
         Release\Game.obj
         Release\Helper.obj
         Release\LargeOfficeBuilding.obj
         Release\stdafx.obj
         Release\VektoriaApp.obj
         Release\VModelPowerLine.obj
         Code wird generiert.
         Codegenerierung ist abgeschlossen.
     1>VektoriaMath_Release.lib(HVector.obj) : warning LNK4099: PDB "vc120.pdb" wurde nicht mit "VektoriaMath_Release.lib(HVector.obj)" oder an "C:\Users\Jonas\VektoriaV13_Beta\Atomkraftwerk\Release\vc120.pdb" gefunden; Objekt wird verknüpft, als ob keine Debuginformationen vorhanden wären.
     1>VektoriaMath_Release.lib(Color.obj) : warning LNK4099: PDB "vc120.pdb" wurde nicht mit "VektoriaMath_Release.lib(Color.obj)" oder an "C:\Users\Jonas\VektoriaV13_Beta\Atomkraftwerk\Release\vc120.pdb" gefunden; Objekt wird verknüpft, als ob keine Debuginformationen vorhanden wären.
     1>VektoriaMath_Release.lib(FloatRect.obj) : warning LNK4099: PDB "vc120.pdb" wurde nicht mit "VektoriaMath_Release.lib(FloatRect.obj)" oder an "C:\Users\Jonas\VektoriaV13_Beta\Atomkraftwerk\Release\vc120.pdb" gefunden; Objekt wird verknüpft, als ob keine Debuginformationen vorhanden wären.
     1>VektoriaMath_Release.lib(HMat.obj) : warning LNK4099: PDB "vc120.pdb" wurde nicht mit "VektoriaMath_Release.lib(HMat.obj)" oder an "C:\Users\Jonas\VektoriaV13_Beta\Atomkraftwerk\Release\vc120.pdb" gefunden; Objekt wird verknüpft, als ob keine Debuginformationen vorhanden wären.
     1>VektoriaMath_Release.lib(HMats.obj) : warning LNK4099: PDB "vc120.pdb" wurde nicht mit "VektoriaMath_Release.lib(HMats.obj)" oder an "C:\Users\Jonas\VektoriaV13_Beta\Atomkraftwerk\Release\vc120.pdb" gefunden; Objekt wird verknüpft, als ob keine Debuginformationen vorhanden wären.
     1>VektoriaMath_Release.lib(Ray.obj) : warning LNK4099: PDB "vc120.pdb" wurde nicht mit "VektoriaMath_Release.lib(Ray.obj)" oder an "C:\Users\Jonas\VektoriaV13_Beta\Atomkraftwerk\Release\vc120.pdb" gefunden; Objekt wird verknüpft, als ob keine Debuginformationen vorhanden wären.
     1>VektoriaMath_Release.lib(Frustum.obj) : warning LNK4099: PDB "vc120.pdb" wurde nicht mit "VektoriaMath_Release.lib(Frustum.obj)" oder an "C:\Users\Jonas\VektoriaV13_Beta\Atomkraftwerk\Release\vc120.pdb" gefunden; Objekt wird verknüpft, als ob keine Debuginformationen vorhanden wären.
     1>VektoriaMath_Release.lib(Quaternion.obj) : warning LNK4099: PDB "vc120.pdb" wurde nicht mit "VektoriaMath_Release.lib(Quaternion.obj)" oder an "C:\Users\Jonas\VektoriaV13_Beta\Atomkraftwerk\Release\vc120.pdb" gefunden; Objekt wird verknüpft, als ob keine Debuginformationen vorhanden wären.
     1>VektoriaMath_Release.lib(AABB.obj) : warning LNK4099: PDB "vc120.pdb" wurde nicht mit "VektoriaMath_Release.lib(AABB.obj)" oder an "C:\Users\Jonas\VektoriaV13_Beta\Atomkraftwerk\Release\vc120.pdb" gefunden; Objekt wird verknüpft, als ob keine Debuginformationen vorhanden wären.
     1>VektoriaMath_Release.lib(HVectors.obj) : warning LNK4099: PDB "vc120.pdb" wurde nicht mit "VektoriaMath_Release.lib(HVectors.obj)" oder an "C:\Users\Jonas\VektoriaV13_Beta\Atomkraftwerk\Release\vc120.pdb" gefunden; Objekt wird verknüpft, als ob keine Debuginformationen vorhanden wären.
     1>VektoriaMath_Release.lib(Plane.obj) : warning LNK4099: PDB "vc120.pdb" wurde nicht mit "VektoriaMath_Release.lib(Plane.obj)" oder an "C:\Users\Jonas\VektoriaV13_Beta\Atomkraftwerk\Release\vc120.pdb" gefunden; Objekt wird verknüpft, als ob keine Debuginformationen vorhanden wären.
     1>VektoriaMath_Release.lib(stdafx.obj) : warning LNK4099: PDB "vc120.pdb" wurde nicht mit "VektoriaMath_Release.lib(stdafx.obj)" oder an "C:\Users\Jonas\VektoriaV13_Beta\Atomkraftwerk\Release\vc120.pdb" gefunden; Objekt wird verknüpft, als ob keine Debuginformationen vorhanden wären.
     1>ApiNullRenderer_Release.lib(NullRenderer.obj) : warning LNK4099: PDB "vc120.pdb" wurde nicht mit "ApiNullRenderer_Release.lib(NullRenderer.obj)" oder an "C:\Users\Jonas\VektoriaV13_Beta\Atomkraftwerk\Release\vc120.pdb" gefunden; Objekt wird verknüpft, als ob keine Debuginformationen vorhanden wären.
     1>ApiNullRenderer_Release.lib(stdafx.obj) : warning LNK4099: PDB "vc120.pdb" wurde nicht mit "ApiNullRenderer_Release.lib(stdafx.obj)" oder an "C:\Users\Jonas\VektoriaV13_Beta\Atomkraftwerk\Release\vc120.pdb" gefunden; Objekt wird verknüpft, als ob keine Debuginformationen vorhanden wären.
     1>ApiDirectX11Basic_Release.lib(DirectX11Basic.obj) : warning LNK4099: PDB "vc120.pdb" wurde nicht mit "ApiDirectX11Basic_Release.lib(DirectX11Basic.obj)" oder an "C:\Users\Jonas\VektoriaV13_Beta\Atomkraftwerk\Release\vc120.pdb" gefunden; Objekt wird verknüpft, als ob keine Debuginformationen vorhanden wären.
     1>ApiDirectInput08_Release.lib(DIKeyboard.obj) : warning LNK4099: PDB "vc120.pdb" wurde nicht mit "ApiDirectInput08_Release.lib(DIKeyboard.obj)" oder an "C:\Users\Jonas\VektoriaV13_Beta\Atomkraftwerk\Release\vc120.pdb" gefunden; Objekt wird verknüpft, als ob keine Debuginformationen vorhanden wären.
     1>ApiDirectInput08_Release.lib(DIMouse.obj) : warning LNK4099: PDB "vc120.pdb" wurde nicht mit "ApiDirectInput08_Release.lib(DIMouse.obj)" oder an "C:\Users\Jonas\VektoriaV13_Beta\Atomkraftwerk\Release\vc120.pdb" gefunden; Objekt wird verknüpft, als ob keine Debuginformationen vorhanden wären.
     1>ApiDirectInput08_Release.lib(DIDevice.obj) : warning LNK4099: PDB "vc120.pdb" wurde nicht mit "ApiDirectInput08_Release.lib(DIDevice.obj)" oder an "C:\Users\Jonas\VektoriaV13_Beta\Atomkraftwerk\Release\vc120.pdb" gefunden; Objekt wird verknüpft, als ob keine Debuginformationen vorhanden wären.
     1>ApiDirectInput08_Release.lib(DIGameController.obj) : warning LNK4099: PDB "vc120.pdb" wurde nicht mit "ApiDirectInput08_Release.lib(DIGameController.obj)" oder an "C:\Users\Jonas\VektoriaV13_Beta\Atomkraftwerk\Release\vc120.pdb" gefunden; Objekt wird verknüpft, als ob keine Debuginformationen vorhanden wären.
     1>ApiDirectInput08_Release.lib(stdafx.obj) : warning LNK4099: PDB "vc120.pdb" wurde nicht mit "ApiDirectInput08_Release.lib(stdafx.obj)" oder an "C:\Users\Jonas\VektoriaV13_Beta\Atomkraftwerk\Release\vc120.pdb" gefunden; Objekt wird verknüpft, als ob keine Debuginformationen vorhanden wären.
     1>ApiDirectX11FP_Release.lib(DirectX11FP.obj) : warning LNK4099: PDB "vc120.pdb" wurde nicht mit "ApiDirectX11FP_Release.lib(DirectX11FP.obj)" oder an "C:\Users\Jonas\VektoriaV13_Beta\Atomkraftwerk\Release\vc120.pdb" gefunden; Objekt wird verknüpft, als ob keine Debuginformationen vorhanden wären.
     1>ApiDirectX11FP_Release.lib(LightUtil.obj) : warning LNK4099: PDB "vc120.pdb" wurde nicht mit "ApiDirectX11FP_Release.lib(LightUtil.obj)" oder an "C:\Users\Jonas\VektoriaV13_Beta\Atomkraftwerk\Release\vc120.pdb" gefunden; Objekt wird verknüpft, als ob keine Debuginformationen vorhanden wären.
     1>ApiDirectX11FP_Release.lib(ForwardPlusRenderer.obj) : warning LNK4099: PDB "vc120.pdb" wurde nicht mit "ApiDirectX11FP_Release.lib(ForwardPlusRenderer.obj)" oder an "C:\Users\Jonas\VektoriaV13_Beta\Atomkraftwerk\Release\vc120.pdb" gefunden; Objekt wird verknüpft, als ob keine Debuginformationen vorhanden wären.
     1>ApiDirectX11FP_Release.lib(RSMRenderer.obj) : warning LNK4099: PDB "vc120.pdb" wurde nicht mit "ApiDirectX11FP_Release.lib(RSMRenderer.obj)" oder an "C:\Users\Jonas\VektoriaV13_Beta\Atomkraftwerk\Release\vc120.pdb" gefunden; Objekt wird verknüpft, als ob keine Debuginformationen vorhanden wären.
     1>ApiDirectX11FP_Release.lib(DXUtilities.obj) : warning LNK4099: PDB "vc120.pdb" wurde nicht mit "ApiDirectX11FP_Release.lib(DXUtilities.obj)" oder an "C:\Users\Jonas\VektoriaV13_Beta\Atomkraftwerk\Release\vc120.pdb" gefunden; Objekt wird verknüpft, als ob keine Debuginformationen vorhanden wären.
     1>ApiDirectX11FP_Release.lib(PostProcessor.obj) : warning LNK4099: PDB "vc120.pdb" wurde nicht mit "ApiDirectX11FP_Release.lib(PostProcessor.obj)" oder an "C:\Users\Jonas\VektoriaV13_Beta\Atomkraftwerk\Release\vc120.pdb" gefunden; Objekt wird verknüpft, als ob keine Debuginformationen vorhanden wären.
     1>ApiDirectX11FP_Release.lib(GeometryUtil.obj) : warning LNK4099: PDB "vc120.pdb" wurde nicht mit "ApiDirectX11FP_Release.lib(GeometryUtil.obj)" oder an "C:\Users\Jonas\VektoriaV13_Beta\Atomkraftwerk\Release\vc120.pdb" gefunden; Objekt wird verknüpft, als ob keine Debuginformationen vorhanden wären.
     1>ApiDirectX11FP_Release.lib(MaterialUtil.obj) : warning LNK4099: PDB "vc120.pdb" wurde nicht mit "ApiDirectX11FP_Release.lib(MaterialUtil.obj)" oder an "C:\Users\Jonas\VektoriaV13_Beta\Atomkraftwerk\Release\vc120.pdb" gefunden; Objekt wird verknüpft, als ob keine Debuginformationen vorhanden wären.
     1>ApiDirectX11FP_Release.lib(ShadowRenderer.obj) : warning LNK4099: PDB "vc120.pdb" wurde nicht mit "ApiDirectX11FP_Release.lib(ShadowRenderer.obj)" oder an "C:\Users\Jonas\VektoriaV13_Beta\Atomkraftwerk\Release\vc120.pdb" gefunden; Objekt wird verknüpft, als ob keine Debuginformationen vorhanden wären.
     1>ApiDirectX11FP_Release.lib(SpriteRenderer.obj) : warning LNK4099: PDB "vc120.pdb" wurde nicht mit "ApiDirectX11FP_Release.lib(SpriteRenderer.obj)" oder an "C:\Users\Jonas\VektoriaV13_Beta\Atomkraftwerk\Release\vc120.pdb" gefunden; Objekt wird verknüpft, als ob keine Debuginformationen vorhanden wären.
     1>ApiDirectX11FP_Release.lib(PostBloom.obj) : warning LNK4099: PDB "vc120.pdb" wurde nicht mit "ApiDirectX11FP_Release.lib(PostBloom.obj)" oder an "C:\Users\Jonas\VektoriaV13_Beta\Atomkraftwerk\Release\vc120.pdb" gefunden; Objekt wird verknüpft, als ob keine Debuginformationen vorhanden wären.
     1>ApiDirectX11FP_Release.lib(PostDoF.obj) : warning LNK4099: PDB "vc120.pdb" wurde nicht mit "ApiDirectX11FP_Release.lib(PostDoF.obj)" oder an "C:\Users\Jonas\VektoriaV13_Beta\Atomkraftwerk\Release\vc120.pdb" gefunden; Objekt wird verknüpft, als ob keine Debuginformationen vorhanden wären.
     1>ApiDirectX11FP_Release.lib(PostGodRays.obj) : warning LNK4099: PDB "vc120.pdb" wurde nicht mit "ApiDirectX11FP_Release.lib(PostGodRays.obj)" oder an "C:\Users\Jonas\VektoriaV13_Beta\Atomkraftwerk\Release\vc120.pdb" gefunden; Objekt wird verknüpft, als ob keine Debuginformationen vorhanden wären.
     1>ApiOpenGL40_Release.lib(OpenGL40.obj) : warning LNK4099: PDB "vc120.pdb" wurde nicht mit "ApiOpenGL40_Release.lib(OpenGL40.obj)" oder an "C:\Users\Jonas\VektoriaV13_Beta\Atomkraftwerk\Release\vc120.pdb" gefunden; Objekt wird verknüpft, als ob keine Debuginformationen vorhanden wären.
     1>ApiOpenGL40_Release.lib(stdafx.obj) : warning LNK4099: PDB "vc120.pdb" wurde nicht mit "ApiOpenGL40_Release.lib(stdafx.obj)" oder an "C:\Users\Jonas\VektoriaV13_Beta\Atomkraftwerk\Release\vc120.pdb" gefunden; Objekt wird verknüpft, als ob keine Debuginformationen vorhanden wären.
     1>ApiNullSound_Release.lib(NullSound.obj) : warning LNK4099: PDB "vc120.pdb" wurde nicht mit "ApiNullSound_Release.lib(NullSound.obj)" oder an "C:\Users\Jonas\VektoriaV13_Beta\Atomkraftwerk\Release\vc120.pdb" gefunden; Objekt wird verknüpft, als ob keine Debuginformationen vorhanden wären.
     1>ApiNullSound_Release.lib(stdafx.obj) : warning LNK4099: PDB "vc120.pdb" wurde nicht mit "ApiNullSound_Release.lib(stdafx.obj)" oder an "C:\Users\Jonas\VektoriaV13_Beta\Atomkraftwerk\Release\vc120.pdb" gefunden; Objekt wird verknüpft, als ob keine Debuginformationen vorhanden wären.
     1>ApiDirectSound_Release.lib(DirectSound.obj) : warning LNK4099: PDB "vc120.pdb" wurde nicht mit "ApiDirectSound_Release.lib(DirectSound.obj)" oder an "C:\Users\Jonas\VektoriaV13_Beta\Atomkraftwerk\Release\vc120.pdb" gefunden; Objekt wird verknüpft, als ob keine Debuginformationen vorhanden wären.
     1>ApiDirectSound_Release.lib(stdafx.obj) : warning LNK4099: PDB "vc120.pdb" wurde nicht mit "ApiDirectSound_Release.lib(stdafx.obj)" oder an "C:\Users\Jonas\VektoriaV13_Beta\Atomkraftwerk\Release\vc120.pdb" gefunden; Objekt wird verknüpft, als ob keine Debuginformationen vorhanden wären.
     1>ApiUtils_Release.lib(Shadercache.obj) : warning LNK4099: PDB "vc120.pdb" wurde nicht mit "ApiUtils_Release.lib(Shadercache.obj)" oder an "C:\Users\Jonas\VektoriaV13_Beta\Atomkraftwerk\Release\vc120.pdb" gefunden; Objekt wird verknüpft, als ob keine Debuginformationen vorhanden wären.
     1>ApiUtils_Release.lib(DrawObjects.obj) : warning LNK4099: PDB "vc120.pdb" wurde nicht mit "ApiUtils_Release.lib(DrawObjects.obj)" oder an "C:\Users\Jonas\VektoriaV13_Beta\Atomkraftwerk\Release\vc120.pdb" gefunden; Objekt wird verknüpft, als ob keine Debuginformationen vorhanden wären.
     1>ApiUtils_Release.lib(BufferMap.obj) : warning LNK4099: PDB "vc120.pdb" wurde nicht mit "ApiUtils_Release.lib(BufferMap.obj)" oder an "C:\Users\Jonas\VektoriaV13_Beta\Atomkraftwerk\Release\vc120.pdb" gefunden; Objekt wird verknüpft, als ob keine Debuginformationen vorhanden wären.
     1>ApiUtils_Release.lib(DrawObject.obj) : warning LNK4099: PDB "vc120.pdb" wurde nicht mit "ApiUtils_Release.lib(DrawObject.obj)" oder an "C:\Users\Jonas\VektoriaV13_Beta\Atomkraftwerk\Release\vc120.pdb" gefunden; Objekt wird verknüpft, als ob keine Debuginformationen vorhanden wären.
     1>Vektoria_Release.lib(ApiRender.obj) : warning LNK4099: PDB "vc120.pdb" wurde nicht mit "Vektoria_Release.lib(ApiRender.obj)" oder an "C:\Users\Jonas\VektoriaV13_Beta\Atomkraftwerk\Release\vc120.pdb" gefunden; Objekt wird verknüpft, als ob keine Debuginformationen vorhanden wären.
     1>Vektoria_Release.lib(ApiSound.obj) : warning LNK4099: PDB "vc120.pdb" wurde nicht mit "Vektoria_Release.lib(ApiSound.obj)" oder an "C:\Users\Jonas\VektoriaV13_Beta\Atomkraftwerk\Release\vc120.pdb" gefunden; Objekt wird verknüpft, als ob keine Debuginformationen vorhanden wären.
     1>Vektoria_Release.lib(Drawables.obj) : warning LNK4099: PDB "vc120.pdb" wurde nicht mit "Vektoria_Release.lib(Drawables.obj)" oder an "C:\Users\Jonas\VektoriaV13_Beta\Atomkraftwerk\Release\vc120.pdb" gefunden; Objekt wird verknüpft, als ob keine Debuginformationen vorhanden wären.
     1>Vektoria_Release.lib(GeoSphere.obj) : warning LNK4099: PDB "vc120.pdb" wurde nicht mit "Vektoria_Release.lib(GeoSphere.obj)" oder an "C:\Users\Jonas\VektoriaV13_Beta\Atomkraftwerk\Release\vc120.pdb" gefunden; Objekt wird verknüpft, als ob keine Debuginformationen vorhanden wären.
     1>Vektoria_Release.lib(GeoWall.obj) : warning LNK4099: PDB "vc120.pdb" wurde nicht mit "Vektoria_Release.lib(GeoWall.obj)" oder an "C:\Users\Jonas\VektoriaV13_Beta\Atomkraftwerk\Release\vc120.pdb" gefunden; Objekt wird verknüpft, als ob keine Debuginformationen vorhanden wären.
     1>Vektoria_Release.lib(GeoWalls.obj) : warning LNK4099: PDB "vc120.pdb" wurde nicht mit "Vektoria_Release.lib(GeoWalls.obj)" oder an "C:\Users\Jonas\VektoriaV13_Beta\Atomkraftwerk\Release\vc120.pdb" gefunden; Objekt wird verknüpft, als ob keine Debuginformationen vorhanden wären.
     1>Vektoria_Release.lib(GeoWindow.obj) : warning LNK4099: PDB "vc120.pdb" wurde nicht mit "Vektoria_Release.lib(GeoWindow.obj)" oder an "C:\Users\Jonas\VektoriaV13_Beta\Atomkraftwerk\Release\vc120.pdb" gefunden; Objekt wird verknüpft, als ob keine Debuginformationen vorhanden wären.
     1>Vektoria_Release.lib(GeoWindows.obj) : warning LNK4099: PDB "vc120.pdb" wurde nicht mit "Vektoria_Release.lib(GeoWindows.obj)" oder an "C:\Users\Jonas\VektoriaV13_Beta\Atomkraftwerk\Release\vc120.pdb" gefunden; Objekt wird verknüpft, als ob keine Debuginformationen vorhanden wären.
     1>Vektoria_Release.lib(GeoWing.obj) : warning LNK4099: PDB "vc120.pdb" wurde nicht mit "Vektoria_Release.lib(GeoWing.obj)" oder an "C:\Users\Jonas\VektoriaV13_Beta\Atomkraftwerk\Release\vc120.pdb" gefunden; Objekt wird verknüpft, als ob keine Debuginformationen vorhanden wären.
     1>Vektoria_Release.lib(GeoWings.obj) : warning LNK4099: PDB "vc120.pdb" wurde nicht mit "Vektoria_Release.lib(GeoWings.obj)" oder an "C:\Users\Jonas\VektoriaV13_Beta\Atomkraftwerk\Release\vc120.pdb" gefunden; Objekt wird verknüpft, als ob keine Debuginformationen vorhanden wären.
     1>Vektoria_Release.lib(Node3D.obj) : warning LNK4099: PDB "vc120.pdb" wurde nicht mit "Vektoria_Release.lib(Node3D.obj)" oder an "C:\Users\Jonas\VektoriaV13_Beta\Atomkraftwerk\Release\vc120.pdb" gefunden; Objekt wird verknüpft, als ob keine Debuginformationen vorhanden wären.
     1>Vektoria_Release.lib(Splash.obj) : warning LNK4099: PDB "vc120.pdb" wurde nicht mit "Vektoria_Release.lib(Splash.obj)" oder an "C:\Users\Jonas\VektoriaV13_Beta\Atomkraftwerk\Release\vc120.pdb" gefunden; Objekt wird verknüpft, als ob keine Debuginformationen vorhanden wären.
     1>Vektoria_Release.lib(Sprite.obj) : warning LNK4099: PDB "vc120.pdb" wurde nicht mit "Vektoria_Release.lib(Sprite.obj)" oder an "C:\Users\Jonas\VektoriaV13_Beta\Atomkraftwerk\Release\vc120.pdb" gefunden; Objekt wird verknüpft, als ob keine Debuginformationen vorhanden wären.
     1>Vektoria_Release.lib(Timer.obj) : warning LNK4099: PDB "vc120.pdb" wurde nicht mit "Vektoria_Release.lib(Timer.obj)" oder an "C:\Users\Jonas\VektoriaV13_Beta\Atomkraftwerk\Release\vc120.pdb" gefunden; Objekt wird verknüpft, als ob keine Debuginformationen vorhanden wären.
     1>Vektoria_Release.lib(Audio.obj) : warning LNK4099: PDB "vc120.pdb" wurde nicht mit "Vektoria_Release.lib(Audio.obj)" oder an "C:\Users\Jonas\VektoriaV13_Beta\Atomkraftwerk\Release\vc120.pdb" gefunden; Objekt wird verknüpft, als ob keine Debuginformationen vorhanden wären.
     1>Vektoria_Release.lib(Audios.obj) : warning LNK4099: PDB "vc120.pdb" wurde nicht mit "Vektoria_Release.lib(Audios.obj)" oder an "C:\Users\Jonas\VektoriaV13_Beta\Atomkraftwerk\Release\vc120.pdb" gefunden; Objekt wird verknüpft, als ob keine Debuginformationen vorhanden wären.
     1>Vektoria_Release.lib(Background.obj) : warning LNK4099: PDB "vc120.pdb" wurde nicht mit "Vektoria_Release.lib(Background.obj)" oder an "C:\Users\Jonas\VektoriaV13_Beta\Atomkraftwerk\Release\vc120.pdb" gefunden; Objekt wird verknüpft, als ob keine Debuginformationen vorhanden wären.
     1>Vektoria_Release.lib(Backgrounds.obj) : warning LNK4099: PDB "vc120.pdb" wurde nicht mit "Vektoria_Release.lib(Backgrounds.obj)" oder an "C:\Users\Jonas\VektoriaV13_Beta\Atomkraftwerk\Release\vc120.pdb" gefunden; Objekt wird verknüpft, als ob keine Debuginformationen vorhanden wären.
     1>Vektoria_Release.lib(Camera.obj) : warning LNK4099: PDB "vc120.pdb" wurde nicht mit "Vektoria_Release.lib(Camera.obj)" oder an "C:\Users\Jonas\VektoriaV13_Beta\Atomkraftwerk\Release\vc120.pdb" gefunden; Objekt wird verknüpft, als ob keine Debuginformationen vorhanden wären.
     1>Vektoria_Release.lib(Cameras.obj) : warning LNK4099: PDB "vc120.pdb" wurde nicht mit "Vektoria_Release.lib(Cameras.obj)" oder an "C:\Users\Jonas\VektoriaV13_Beta\Atomkraftwerk\Release\vc120.pdb" gefunden; Objekt wird verknüpft, als ob keine Debuginformationen vorhanden wären.
     1>Vektoria_Release.lib(Device.obj) : warning LNK4099: PDB "vc120.pdb" wurde nicht mit "Vektoria_Release.lib(Device.obj)" oder an "C:\Users\Jonas\VektoriaV13_Beta\Atomkraftwerk\Release\vc120.pdb" gefunden; Objekt wird verknüpft, als ob keine Debuginformationen vorhanden wären.
     1>Vektoria_Release.lib(DeviceCursor.obj) : warning LNK4099: PDB "vc120.pdb" wurde nicht mit "Vektoria_Release.lib(DeviceCursor.obj)" oder an "C:\Users\Jonas\VektoriaV13_Beta\Atomkraftwerk\Release\vc120.pdb" gefunden; Objekt wird verknüpft, als ob keine Debuginformationen vorhanden wären.
     1>Vektoria_Release.lib(DeviceKeyboard.obj) : warning LNK4099: PDB "vc120.pdb" wurde nicht mit "Vektoria_Release.lib(DeviceKeyboard.obj)" oder an "C:\Users\Jonas\VektoriaV13_Beta\Atomkraftwerk\Release\vc120.pdb" gefunden; Objekt wird verknüpft, als ob keine Debuginformationen vorhanden wären.
     1>Vektoria_Release.lib(Emitter.obj) : warning LNK4099: PDB "vc120.pdb" wurde nicht mit "Vektoria_Release.lib(Emitter.obj)" oder an "C:\Users\Jonas\VektoriaV13_Beta\Atomkraftwerk\Release\vc120.pdb" gefunden; Objekt wird verknüpft, als ob keine Debuginformationen vorhanden wären.
     1>Vektoria_Release.lib(Emitters.obj) : warning LNK4099: PDB "vc120.pdb" wurde nicht mit "Vektoria_Release.lib(Emitters.obj)" oder an "C:\Users\Jonas\VektoriaV13_Beta\Atomkraftwerk\Release\vc120.pdb" gefunden; Objekt wird verknüpft, als ob keine Debuginformationen vorhanden wären.
     1>Vektoria_Release.lib(Frame.obj) : warning LNK4099: PDB "vc120.pdb" wurde nicht mit "Vektoria_Release.lib(Frame.obj)" oder an "C:\Users\Jonas\VektoriaV13_Beta\Atomkraftwerk\Release\vc120.pdb" gefunden; Objekt wird verknüpft, als ob keine Debuginformationen vorhanden wären.
     1>Vektoria_Release.lib(Frames.obj) : warning LNK4099: PDB "vc120.pdb" wurde nicht mit "Vektoria_Release.lib(Frames.obj)" oder an "C:\Users\Jonas\VektoriaV13_Beta\Atomkraftwerk\Release\vc120.pdb" gefunden; Objekt wird verknüpft, als ob keine Debuginformationen vorhanden wären.
     1>Vektoria_Release.lib(Geo.obj) : warning LNK4099: PDB "vc120.pdb" wurde nicht mit "Vektoria_Release.lib(Geo.obj)" oder an "C:\Users\Jonas\VektoriaV13_Beta\Atomkraftwerk\Release\vc120.pdb" gefunden; Objekt wird verknüpft, als ob keine Debuginformationen vorhanden wären.
     1>Vektoria_Release.lib(GeoCube.obj) : warning LNK4099: PDB "vc120.pdb" wurde nicht mit "Vektoria_Release.lib(GeoCube.obj)" oder an "C:\Users\Jonas\VektoriaV13_Beta\Atomkraftwerk\Release\vc120.pdb" gefunden; Objekt wird verknüpft, als ob keine Debuginformationen vorhanden wären.
     1>Vektoria_Release.lib(GeoCylinder.obj) : warning LNK4099: PDB "vc120.pdb" wurde nicht mit "Vektoria_Release.lib(GeoCylinder.obj)" oder an "C:\Users\Jonas\VektoriaV13_Beta\Atomkraftwerk\Release\vc120.pdb" gefunden; Objekt wird verknüpft, als ob keine Debuginformationen vorhanden wären.
     1>Vektoria_Release.lib(GeoEllipsoid.obj) : warning LNK4099: PDB "vc120.pdb" wurde nicht mit "Vektoria_Release.lib(GeoEllipsoid.obj)" oder an "C:\Users\Jonas\VektoriaV13_Beta\Atomkraftwerk\Release\vc120.pdb" gefunden; Objekt wird verknüpft, als ob keine Debuginformationen vorhanden wären.
     1>Vektoria_Release.lib(GeoQuad.obj) : warning LNK4099: PDB "vc120.pdb" wurde nicht mit "Vektoria_Release.lib(GeoQuad.obj)" oder an "C:\Users\Jonas\VektoriaV13_Beta\Atomkraftwerk\Release\vc120.pdb" gefunden; Objekt wird verknüpft, als ob keine Debuginformationen vorhanden wären.
     1>Vektoria_Release.lib(Geos.obj) : warning LNK4099: PDB "vc120.pdb" wurde nicht mit "Vektoria_Release.lib(Geos.obj)" oder an "C:\Users\Jonas\VektoriaV13_Beta\Atomkraftwerk\Release\vc120.pdb" gefunden; Objekt wird verknüpft, als ob keine Debuginformationen vorhanden wären.
     1>Vektoria_Release.lib(GeoSweep.obj) : warning LNK4099: PDB "vc120.pdb" wurde nicht mit "Vektoria_Release.lib(GeoSweep.obj)" oder an "C:\Users\Jonas\VektoriaV13_Beta\Atomkraftwerk\Release\vc120.pdb" gefunden; Objekt wird verknüpft, als ob keine Debuginformationen vorhanden wären.
     1>Vektoria_Release.lib(GeoTube.obj) : warning LNK4099: PDB "vc120.pdb" wurde nicht mit "Vektoria_Release.lib(GeoTube.obj)" oder an "C:\Users\Jonas\VektoriaV13_Beta\Atomkraftwerk\Release\vc120.pdb" gefunden; Objekt wird verknüpft, als ob keine Debuginformationen vorhanden wären.
     1>Vektoria_Release.lib(Hardware.obj) : warning LNK4099: PDB "vc120.pdb" wurde nicht mit "Vektoria_Release.lib(Hardware.obj)" oder an "C:\Users\Jonas\VektoriaV13_Beta\Atomkraftwerk\Release\vc120.pdb" gefunden; Objekt wird verknüpft, als ob keine Debuginformationen vorhanden wären.
     1>Vektoria_Release.lib(Hardwares.obj) : warning LNK4099: PDB "vc120.pdb" wurde nicht mit "Vektoria_Release.lib(Hardwares.obj)" oder an "C:\Users\Jonas\VektoriaV13_Beta\Atomkraftwerk\Release\vc120.pdb" gefunden; Objekt wird verknüpft, als ob keine Debuginformationen vorhanden wären.
     1>Vektoria_Release.lib(Image.obj) : warning LNK4099: PDB "vc120.pdb" wurde nicht mit "Vektoria_Release.lib(Image.obj)" oder an "C:\Users\Jonas\VektoriaV13_Beta\Atomkraftwerk\Release\vc120.pdb" gefunden; Objekt wird verknüpft, als ob keine Debuginformationen vorhanden wären.
     1>Vektoria_Release.lib(Light.obj) : warning LNK4099: PDB "vc120.pdb" wurde nicht mit "Vektoria_Release.lib(Light.obj)" oder an "C:\Users\Jonas\VektoriaV13_Beta\Atomkraftwerk\Release\vc120.pdb" gefunden; Objekt wird verknüpft, als ob keine Debuginformationen vorhanden wären.
     1>Vektoria_Release.lib(Material.obj) : warning LNK4099: PDB "vc120.pdb" wurde nicht mit "Vektoria_Release.lib(Material.obj)" oder an "C:\Users\Jonas\VektoriaV13_Beta\Atomkraftwerk\Release\vc120.pdb" gefunden; Objekt wird verknüpft, als ob keine Debuginformationen vorhanden wären.
     1>Vektoria_Release.lib(Materials.obj) : warning LNK4099: PDB "vc120.pdb" wurde nicht mit "Vektoria_Release.lib(Materials.obj)" oder an "C:\Users\Jonas\VektoriaV13_Beta\Atomkraftwerk\Release\vc120.pdb" gefunden; Objekt wird verknüpft, als ob keine Debuginformationen vorhanden wären.
     1>Vektoria_Release.lib(Nodes.obj) : warning LNK4099: PDB "vc120.pdb" wurde nicht mit "Vektoria_Release.lib(Nodes.obj)" oder an "C:\Users\Jonas\VektoriaV13_Beta\Atomkraftwerk\Release\vc120.pdb" gefunden; Objekt wird verknüpft, als ob keine Debuginformationen vorhanden wären.
     1>Vektoria_Release.lib(Overlay.obj) : warning LNK4099: PDB "vc120.pdb" wurde nicht mit "Vektoria_Release.lib(Overlay.obj)" oder an "C:\Users\Jonas\VektoriaV13_Beta\Atomkraftwerk\Release\vc120.pdb" gefunden; Objekt wird verknüpft, als ob keine Debuginformationen vorhanden wären.
     1>Vektoria_Release.lib(Overlays.obj) : warning LNK4099: PDB "vc120.pdb" wurde nicht mit "Vektoria_Release.lib(Overlays.obj)" oder an "C:\Users\Jonas\VektoriaV13_Beta\Atomkraftwerk\Release\vc120.pdb" gefunden; Objekt wird verknüpft, als ob keine Debuginformationen vorhanden wären.
     1>Vektoria_Release.lib(ParallelLight.obj) : warning LNK4099: PDB "vc120.pdb" wurde nicht mit "Vektoria_Release.lib(ParallelLight.obj)" oder an "C:\Users\Jonas\VektoriaV13_Beta\Atomkraftwerk\Release\vc120.pdb" gefunden; Objekt wird verknüpft, als ob keine Debuginformationen vorhanden wären.
     1>Vektoria_Release.lib(ParallelLights.obj) : warning LNK4099: PDB "vc120.pdb" wurde nicht mit "Vektoria_Release.lib(ParallelLights.obj)" oder an "C:\Users\Jonas\VektoriaV13_Beta\Atomkraftwerk\Release\vc120.pdb" gefunden; Objekt wird verknüpft, als ob keine Debuginformationen vorhanden wären.
     1>Vektoria_Release.lib(Placement.obj) : warning LNK4099: PDB "vc120.pdb" wurde nicht mit "Vektoria_Release.lib(Placement.obj)" oder an "C:\Users\Jonas\VektoriaV13_Beta\Atomkraftwerk\Release\vc120.pdb" gefunden; Objekt wird verknüpft, als ob keine Debuginformationen vorhanden wären.
     1>Vektoria_Release.lib(Placements.obj) : warning LNK4099: PDB "vc120.pdb" wurde nicht mit "Vektoria_Release.lib(Placements.obj)" oder an "C:\Users\Jonas\VektoriaV13_Beta\Atomkraftwerk\Release\vc120.pdb" gefunden; Objekt wird verknüpft, als ob keine Debuginformationen vorhanden wären.
     1>Vektoria_Release.lib(PointLight.obj) : warning LNK4099: PDB "vc120.pdb" wurde nicht mit "Vektoria_Release.lib(PointLight.obj)" oder an "C:\Users\Jonas\VektoriaV13_Beta\Atomkraftwerk\Release\vc120.pdb" gefunden; Objekt wird verknüpft, als ob keine Debuginformationen vorhanden wären.
     1>Vektoria_Release.lib(PointLights.obj) : warning LNK4099: PDB "vc120.pdb" wurde nicht mit "Vektoria_Release.lib(PointLights.obj)" oder an "C:\Users\Jonas\VektoriaV13_Beta\Atomkraftwerk\Release\vc120.pdb" gefunden; Objekt wird verknüpft, als ob keine Debuginformationen vorhanden wären.
     1>Vektoria_Release.lib(Root.obj) : warning LNK4099: PDB "vc120.pdb" wurde nicht mit "Vektoria_Release.lib(Root.obj)" oder an "C:\Users\Jonas\VektoriaV13_Beta\Atomkraftwerk\Release\vc120.pdb" gefunden; Objekt wird verknüpft, als ob keine Debuginformationen vorhanden wären.
     1>Vektoria_Release.lib(Scene.obj) : warning LNK4099: PDB "vc120.pdb" wurde nicht mit "Vektoria_Release.lib(Scene.obj)" oder an "C:\Users\Jonas\VektoriaV13_Beta\Atomkraftwerk\Release\vc120.pdb" gefunden; Objekt wird verknüpft, als ob keine Debuginformationen vorhanden wären.
     1>Vektoria_Release.lib(Scenes.obj) : warning LNK4099: PDB "vc120.pdb" wurde nicht mit "Vektoria_Release.lib(Scenes.obj)" oder an "C:\Users\Jonas\VektoriaV13_Beta\Atomkraftwerk\Release\vc120.pdb" gefunden; Objekt wird verknüpft, als ob keine Debuginformationen vorhanden wären.
     1>Vektoria_Release.lib(SpotLight.obj) : warning LNK4099: PDB "vc120.pdb" wurde nicht mit "Vektoria_Release.lib(SpotLight.obj)" oder an "C:\Users\Jonas\VektoriaV13_Beta\Atomkraftwerk\Release\vc120.pdb" gefunden; Objekt wird verknüpft, als ob keine Debuginformationen vorhanden wären.
     1>Vektoria_Release.lib(SpotLights.obj) : warning LNK4099: PDB "vc120.pdb" wurde nicht mit "Vektoria_Release.lib(SpotLights.obj)" oder an "C:\Users\Jonas\VektoriaV13_Beta\Atomkraftwerk\Release\vc120.pdb" gefunden; Objekt wird verknüpft, als ob keine Debuginformationen vorhanden wären.
     1>Vektoria_Release.lib(Texture.obj) : warning LNK4099: PDB "vc120.pdb" wurde nicht mit "Vektoria_Release.lib(Texture.obj)" oder an "C:\Users\Jonas\VektoriaV13_Beta\Atomkraftwerk\Release\vc120.pdb" gefunden; Objekt wird verknüpft, als ob keine Debuginformationen vorhanden wären.
     1>Vektoria_Release.lib(TriangleList.obj) : warning LNK4099: PDB "vc120.pdb" wurde nicht mit "Vektoria_Release.lib(TriangleList.obj)" oder an "C:\Users\Jonas\VektoriaV13_Beta\Atomkraftwerk\Release\vc120.pdb" gefunden; Objekt wird verknüpft, als ob keine Debuginformationen vorhanden wären.
     1>Vektoria_Release.lib(TriangleLists.obj) : warning LNK4099: PDB "vc120.pdb" wurde nicht mit "Vektoria_Release.lib(TriangleLists.obj)" oder an "C:\Users\Jonas\VektoriaV13_Beta\Atomkraftwerk\Release\vc120.pdb" gefunden; Objekt wird verknüpft, als ob keine Debuginformationen vorhanden wären.
     1>Vektoria_Release.lib(TriangleStrip.obj) : warning LNK4099: PDB "vc120.pdb" wurde nicht mit "Vektoria_Release.lib(TriangleStrip.obj)" oder an "C:\Users\Jonas\VektoriaV13_Beta\Atomkraftwerk\Release\vc120.pdb" gefunden; Objekt wird verknüpft, als ob keine Debuginformationen vorhanden wären.
     1>Vektoria_Release.lib(Vertex.obj) : warning LNK4099: PDB "vc120.pdb" wurde nicht mit "Vektoria_Release.lib(Vertex.obj)" oder an "C:\Users\Jonas\VektoriaV13_Beta\Atomkraftwerk\Release\vc120.pdb" gefunden; Objekt wird verknüpft, als ob keine Debuginformationen vorhanden wären.
     1>Vektoria_Release.lib(Vertexs.obj) : warning LNK4099: PDB "vc120.pdb" wurde nicht mit "Vektoria_Release.lib(Vertexs.obj)" oder an "C:\Users\Jonas\VektoriaV13_Beta\Atomkraftwerk\Release\vc120.pdb" gefunden; Objekt wird verknüpft, als ob keine Debuginformationen vorhanden wären.
     1>Vektoria_Release.lib(Viewport.obj) : warning LNK4099: PDB "vc120.pdb" wurde nicht mit "Vektoria_Release.lib(Viewport.obj)" oder an "C:\Users\Jonas\VektoriaV13_Beta\Atomkraftwerk\Release\vc120.pdb" gefunden; Objekt wird verknüpft, als ob keine Debuginformationen vorhanden wären.
     1>Vektoria_Release.lib(Viewports.obj) : warning LNK4099: PDB "vc120.pdb" wurde nicht mit "Vektoria_Release.lib(Viewports.obj)" oder an "C:\Users\Jonas\VektoriaV13_Beta\Atomkraftwerk\Release\vc120.pdb" gefunden; Objekt wird verknüpft, als ob keine Debuginformationen vorhanden wären.
     1>Vektoria_Release.lib(Node.obj) : warning LNK4099: PDB "vc120.pdb" wurde nicht mit "Vektoria_Release.lib(Node.obj)" oder an "C:\Users\Jonas\VektoriaV13_Beta\Atomkraftwerk\Release\vc120.pdb" gefunden; Objekt wird verknüpft, als ob keine Debuginformationen vorhanden wären.
     1>Vektoria_Release.lib(Wribel.obj) : warning LNK4099: PDB "vc120.pdb" wurde nicht mit "Vektoria_Release.lib(Wribel.obj)" oder an "C:\Users\Jonas\VektoriaV13_Beta\Atomkraftwerk\Release\vc120.pdb" gefunden; Objekt wird verknüpft, als ob keine Debuginformationen vorhanden wären.
     1>Vektoria_Release.lib(Wribels.obj) : warning LNK4099: PDB "vc120.pdb" wurde nicht mit "Vektoria_Release.lib(Wribels.obj)" oder an "C:\Users\Jonas\VektoriaV13_Beta\Atomkraftwerk\Release\vc120.pdb" gefunden; Objekt wird verknüpft, als ob keine Debuginformationen vorhanden wären.
     1>Vektoria_Release.lib(Writing.obj) : warning LNK4099: PDB "vc120.pdb" wurde nicht mit "Vektoria_Release.lib(Writing.obj)" oder an "C:\Users\Jonas\VektoriaV13_Beta\Atomkraftwerk\Release\vc120.pdb" gefunden; Objekt wird verknüpft, als ob keine Debuginformationen vorhanden wären.
     1>Vektoria_Release.lib(WritingChar.obj) : warning LNK4099: PDB "vc120.pdb" wurde nicht mit "Vektoria_Release.lib(WritingChar.obj)" oder an "C:\Users\Jonas\VektoriaV13_Beta\Atomkraftwerk\Release\vc120.pdb" gefunden; Objekt wird verknüpft, als ob keine Debuginformationen vorhanden wären.
     1>Vektoria_Release.lib(WritingChars.obj) : warning LNK4099: PDB "vc120.pdb" wurde nicht mit "Vektoria_Release.lib(WritingChars.obj)" oder an "C:\Users\Jonas\VektoriaV13_Beta\Atomkraftwerk\Release\vc120.pdb" gefunden; Objekt wird verknüpft, als ob keine Debuginformationen vorhanden wären.
     1>Vektoria_Release.lib(Writings.obj) : warning LNK4099: PDB "vc120.pdb" wurde nicht mit "Vektoria_Release.lib(Writings.obj)" oder an "C:\Users\Jonas\VektoriaV13_Beta\Atomkraftwerk\Release\vc120.pdb" gefunden; Objekt wird verknüpft, als ob keine Debuginformationen vorhanden wären.
         VektoriaApp.vcxproj -> C:\Users\Jonas\VektoriaV13_Beta\Atomkraftwerk\Release\VektoriaApp.exe
     1>Die Erstellung des Projekts "C:\Users\Jonas\VektoriaV13_Beta\Atomkraftwerk\VektoriaApp\VektoriaApp.vcxproj" ist abgeschlossen, Build Ziel(e).

Build erfolgreich.

Verstrichene Zeit 00:00:02.79
