Der Buildvorgang wurde am 20.04.2015 15:23:35 gestartet.
     1>Projekt "C:\Users\Jonas\VektoriaV13_Beta\Windkraftwerk - Kopie\VektoriaApp\VektoriaApp.vcxproj" auf Knoten "2", Build Ziel(e).
     1>ClCompile:
         C:\Program Files (x86)\Microsoft Visual Studio 12.0\VC\bin\CL.exe /c /ZI /nologo /W3 /WX- /Od /Oy- /D _MBCS /D _MBCS /D ", _DEBUG" /Gm /EHsc /MDd /GS /fp:precise /Zc:wchar_t /Zc:forScope /Fo"Debug\\" /Fd"Debug\vc120.pdb" /Gd /TP /analyze- /errorReport:prompt Game.cpp
         Game.cpp
       ResourceCompile:
         C:\Program Files (x86)\Windows Kits\8.1\bin\x86\rc.exe /l"0x0409" /nologo /fo"Debug\VektoriaApp.res" VektoriaApp.rc 
       Link:
         C:\Program Files (x86)\Microsoft Visual Studio 12.0\VC\bin\link.exe /ERRORREPORT:PROMPT /OUT:"C:\Users\Jonas\VektoriaV13_Beta\Windkraftwerk - Kopie\Debug\VektoriaApp.exe" /INCREMENTAL /NOLOGO kernel32.lib user32.lib gdi32.lib winspool.lib comdlg32.lib advapi32.lib shell32.lib ole32.lib oleaut32.lib uuid.lib odbc32.lib odbccp32.lib /MANIFEST /MANIFESTUAC:"level='asInvoker' uiAccess='false'" /manifest:embed /DEBUG /PDB:"C:\Users\Jonas\VektoriaV13_Beta\Windkraftwerk - Kopie\Debug\VektoriaApp.pdb" /TLBID:1 /DYNAMICBASE /NXCOMPAT /IMPLIB:"C:\Users\Jonas\VektoriaV13_Beta\Windkraftwerk - Kopie\Debug\VektoriaApp.lib" /MACHINE:X86 Debug\VektoriaApp.res
         Debug\Game.obj
         Debug\Helper.obj
         Debug\LargeOfficeBuilding.obj
         Debug\stdafx.obj
         Debug\VektoriaApp.obj
         Debug\VModelPowerLine.obj
     1>Vektoria_Debug.lib(ApiRender.obj) : warning LNK4099: PDB "vc120.pdb" wurde nicht mit "Vektoria_Debug.lib(ApiRender.obj)" oder an "C:\Users\Jonas\VektoriaV13_Beta\Windkraftwerk - Kopie\Debug\vc120.pdb" gefunden; Objekt wird verknüpft, als ob keine Debuginformationen vorhanden wären.
     1>Vektoria_Debug.lib(ApiSound.obj) : warning LNK4099: PDB "vc120.pdb" wurde nicht mit "Vektoria_Debug.lib(ApiSound.obj)" oder an "C:\Users\Jonas\VektoriaV13_Beta\Windkraftwerk - Kopie\Debug\vc120.pdb" gefunden; Objekt wird verknüpft, als ob keine Debuginformationen vorhanden wären.
     1>Vektoria_Debug.lib(Drawables.obj) : warning LNK4099: PDB "vc120.pdb" wurde nicht mit "Vektoria_Debug.lib(Drawables.obj)" oder an "C:\Users\Jonas\VektoriaV13_Beta\Windkraftwerk - Kopie\Debug\vc120.pdb" gefunden; Objekt wird verknüpft, als ob keine Debuginformationen vorhanden wären.
     1>Vektoria_Debug.lib(GeoSphere.obj) : warning LNK4099: PDB "vc120.pdb" wurde nicht mit "Vektoria_Debug.lib(GeoSphere.obj)" oder an "C:\Users\Jonas\VektoriaV13_Beta\Windkraftwerk - Kopie\Debug\vc120.pdb" gefunden; Objekt wird verknüpft, als ob keine Debuginformationen vorhanden wären.
     1>Vektoria_Debug.lib(GeoWall.obj) : warning LNK4099: PDB "vc120.pdb" wurde nicht mit "Vektoria_Debug.lib(GeoWall.obj)" oder an "C:\Users\Jonas\VektoriaV13_Beta\Windkraftwerk - Kopie\Debug\vc120.pdb" gefunden; Objekt wird verknüpft, als ob keine Debuginformationen vorhanden wären.
     1>Vektoria_Debug.lib(GeoWalls.obj) : warning LNK4099: PDB "vc120.pdb" wurde nicht mit "Vektoria_Debug.lib(GeoWalls.obj)" oder an "C:\Users\Jonas\VektoriaV13_Beta\Windkraftwerk - Kopie\Debug\vc120.pdb" gefunden; Objekt wird verknüpft, als ob keine Debuginformationen vorhanden wären.
     1>Vektoria_Debug.lib(GeoWindow.obj) : warning LNK4099: PDB "vc120.pdb" wurde nicht mit "Vektoria_Debug.lib(GeoWindow.obj)" oder an "C:\Users\Jonas\VektoriaV13_Beta\Windkraftwerk - Kopie\Debug\vc120.pdb" gefunden; Objekt wird verknüpft, als ob keine Debuginformationen vorhanden wären.
     1>Vektoria_Debug.lib(GeoWindows.obj) : warning LNK4099: PDB "vc120.pdb" wurde nicht mit "Vektoria_Debug.lib(GeoWindows.obj)" oder an "C:\Users\Jonas\VektoriaV13_Beta\Windkraftwerk - Kopie\Debug\vc120.pdb" gefunden; Objekt wird verknüpft, als ob keine Debuginformationen vorhanden wären.
     1>Vektoria_Debug.lib(GeoWing.obj) : warning LNK4099: PDB "vc120.pdb" wurde nicht mit "Vektoria_Debug.lib(GeoWing.obj)" oder an "C:\Users\Jonas\VektoriaV13_Beta\Windkraftwerk - Kopie\Debug\vc120.pdb" gefunden; Objekt wird verknüpft, als ob keine Debuginformationen vorhanden wären.
     1>Vektoria_Debug.lib(GeoWings.obj) : warning LNK4099: PDB "vc120.pdb" wurde nicht mit "Vektoria_Debug.lib(GeoWings.obj)" oder an "C:\Users\Jonas\VektoriaV13_Beta\Windkraftwerk - Kopie\Debug\vc120.pdb" gefunden; Objekt wird verknüpft, als ob keine Debuginformationen vorhanden wären.
     1>Vektoria_Debug.lib(Node3D.obj) : warning LNK4099: PDB "vc120.pdb" wurde nicht mit "Vektoria_Debug.lib(Node3D.obj)" oder an "C:\Users\Jonas\VektoriaV13_Beta\Windkraftwerk - Kopie\Debug\vc120.pdb" gefunden; Objekt wird verknüpft, als ob keine Debuginformationen vorhanden wären.
     1>Vektoria_Debug.lib(Splash.obj) : warning LNK4099: PDB "vc120.pdb" wurde nicht mit "Vektoria_Debug.lib(Splash.obj)" oder an "C:\Users\Jonas\VektoriaV13_Beta\Windkraftwerk - Kopie\Debug\vc120.pdb" gefunden; Objekt wird verknüpft, als ob keine Debuginformationen vorhanden wären.
     1>Vektoria_Debug.lib(Sprite.obj) : warning LNK4099: PDB "vc120.pdb" wurde nicht mit "Vektoria_Debug.lib(Sprite.obj)" oder an "C:\Users\Jonas\VektoriaV13_Beta\Windkraftwerk - Kopie\Debug\vc120.pdb" gefunden; Objekt wird verknüpft, als ob keine Debuginformationen vorhanden wären.
     1>Vektoria_Debug.lib(Timer.obj) : warning LNK4099: PDB "vc120.pdb" wurde nicht mit "Vektoria_Debug.lib(Timer.obj)" oder an "C:\Users\Jonas\VektoriaV13_Beta\Windkraftwerk - Kopie\Debug\vc120.pdb" gefunden; Objekt wird verknüpft, als ob keine Debuginformationen vorhanden wären.
     1>Vektoria_Debug.lib(Audio.obj) : warning LNK4099: PDB "vc120.pdb" wurde nicht mit "Vektoria_Debug.lib(Audio.obj)" oder an "C:\Users\Jonas\VektoriaV13_Beta\Windkraftwerk - Kopie\Debug\vc120.pdb" gefunden; Objekt wird verknüpft, als ob keine Debuginformationen vorhanden wären.
     1>Vektoria_Debug.lib(Audios.obj) : warning LNK4099: PDB "vc120.pdb" wurde nicht mit "Vektoria_Debug.lib(Audios.obj)" oder an "C:\Users\Jonas\VektoriaV13_Beta\Windkraftwerk - Kopie\Debug\vc120.pdb" gefunden; Objekt wird verknüpft, als ob keine Debuginformationen vorhanden wären.
     1>Vektoria_Debug.lib(Background.obj) : warning LNK4099: PDB "vc120.pdb" wurde nicht mit "Vektoria_Debug.lib(Background.obj)" oder an "C:\Users\Jonas\VektoriaV13_Beta\Windkraftwerk - Kopie\Debug\vc120.pdb" gefunden; Objekt wird verknüpft, als ob keine Debuginformationen vorhanden wären.
     1>Vektoria_Debug.lib(Backgrounds.obj) : warning LNK4099: PDB "vc120.pdb" wurde nicht mit "Vektoria_Debug.lib(Backgrounds.obj)" oder an "C:\Users\Jonas\VektoriaV13_Beta\Windkraftwerk - Kopie\Debug\vc120.pdb" gefunden; Objekt wird verknüpft, als ob keine Debuginformationen vorhanden wären.
     1>Vektoria_Debug.lib(Camera.obj) : warning LNK4099: PDB "vc120.pdb" wurde nicht mit "Vektoria_Debug.lib(Camera.obj)" oder an "C:\Users\Jonas\VektoriaV13_Beta\Windkraftwerk - Kopie\Debug\vc120.pdb" gefunden; Objekt wird verknüpft, als ob keine Debuginformationen vorhanden wären.
     1>Vektoria_Debug.lib(Cameras.obj) : warning LNK4099: PDB "vc120.pdb" wurde nicht mit "Vektoria_Debug.lib(Cameras.obj)" oder an "C:\Users\Jonas\VektoriaV13_Beta\Windkraftwerk - Kopie\Debug\vc120.pdb" gefunden; Objekt wird verknüpft, als ob keine Debuginformationen vorhanden wären.
     1>Vektoria_Debug.lib(Device.obj) : warning LNK4099: PDB "vc120.pdb" wurde nicht mit "Vektoria_Debug.lib(Device.obj)" oder an "C:\Users\Jonas\VektoriaV13_Beta\Windkraftwerk - Kopie\Debug\vc120.pdb" gefunden; Objekt wird verknüpft, als ob keine Debuginformationen vorhanden wären.
     1>Vektoria_Debug.lib(DeviceCursor.obj) : warning LNK4099: PDB "vc120.pdb" wurde nicht mit "Vektoria_Debug.lib(DeviceCursor.obj)" oder an "C:\Users\Jonas\VektoriaV13_Beta\Windkraftwerk - Kopie\Debug\vc120.pdb" gefunden; Objekt wird verknüpft, als ob keine Debuginformationen vorhanden wären.
     1>Vektoria_Debug.lib(DeviceKeyboard.obj) : warning LNK4099: PDB "vc120.pdb" wurde nicht mit "Vektoria_Debug.lib(DeviceKeyboard.obj)" oder an "C:\Users\Jonas\VektoriaV13_Beta\Windkraftwerk - Kopie\Debug\vc120.pdb" gefunden; Objekt wird verknüpft, als ob keine Debuginformationen vorhanden wären.
     1>Vektoria_Debug.lib(Emitter.obj) : warning LNK4099: PDB "vc120.pdb" wurde nicht mit "Vektoria_Debug.lib(Emitter.obj)" oder an "C:\Users\Jonas\VektoriaV13_Beta\Windkraftwerk - Kopie\Debug\vc120.pdb" gefunden; Objekt wird verknüpft, als ob keine Debuginformationen vorhanden wären.
     1>Vektoria_Debug.lib(Emitters.obj) : warning LNK4099: PDB "vc120.pdb" wurde nicht mit "Vektoria_Debug.lib(Emitters.obj)" oder an "C:\Users\Jonas\VektoriaV13_Beta\Windkraftwerk - Kopie\Debug\vc120.pdb" gefunden; Objekt wird verknüpft, als ob keine Debuginformationen vorhanden wären.
     1>Vektoria_Debug.lib(Frame.obj) : warning LNK4099: PDB "vc120.pdb" wurde nicht mit "Vektoria_Debug.lib(Frame.obj)" oder an "C:\Users\Jonas\VektoriaV13_Beta\Windkraftwerk - Kopie\Debug\vc120.pdb" gefunden; Objekt wird verknüpft, als ob keine Debuginformationen vorhanden wären.
     1>Vektoria_Debug.lib(Frames.obj) : warning LNK4099: PDB "vc120.pdb" wurde nicht mit "Vektoria_Debug.lib(Frames.obj)" oder an "C:\Users\Jonas\VektoriaV13_Beta\Windkraftwerk - Kopie\Debug\vc120.pdb" gefunden; Objekt wird verknüpft, als ob keine Debuginformationen vorhanden wären.
     1>Vektoria_Debug.lib(Geo.obj) : warning LNK4099: PDB "vc120.pdb" wurde nicht mit "Vektoria_Debug.lib(Geo.obj)" oder an "C:\Users\Jonas\VektoriaV13_Beta\Windkraftwerk - Kopie\Debug\vc120.pdb" gefunden; Objekt wird verknüpft, als ob keine Debuginformationen vorhanden wären.
     1>Vektoria_Debug.lib(GeoCube.obj) : warning LNK4099: PDB "vc120.pdb" wurde nicht mit "Vektoria_Debug.lib(GeoCube.obj)" oder an "C:\Users\Jonas\VektoriaV13_Beta\Windkraftwerk - Kopie\Debug\vc120.pdb" gefunden; Objekt wird verknüpft, als ob keine Debuginformationen vorhanden wären.
     1>Vektoria_Debug.lib(GeoCylinder.obj) : warning LNK4099: PDB "vc120.pdb" wurde nicht mit "Vektoria_Debug.lib(GeoCylinder.obj)" oder an "C:\Users\Jonas\VektoriaV13_Beta\Windkraftwerk - Kopie\Debug\vc120.pdb" gefunden; Objekt wird verknüpft, als ob keine Debuginformationen vorhanden wären.
     1>Vektoria_Debug.lib(GeoEllipsoid.obj) : warning LNK4099: PDB "vc120.pdb" wurde nicht mit "Vektoria_Debug.lib(GeoEllipsoid.obj)" oder an "C:\Users\Jonas\VektoriaV13_Beta\Windkraftwerk - Kopie\Debug\vc120.pdb" gefunden; Objekt wird verknüpft, als ob keine Debuginformationen vorhanden wären.
     1>Vektoria_Debug.lib(GeoQuad.obj) : warning LNK4099: PDB "vc120.pdb" wurde nicht mit "Vektoria_Debug.lib(GeoQuad.obj)" oder an "C:\Users\Jonas\VektoriaV13_Beta\Windkraftwerk - Kopie\Debug\vc120.pdb" gefunden; Objekt wird verknüpft, als ob keine Debuginformationen vorhanden wären.
     1>Vektoria_Debug.lib(Geos.obj) : warning LNK4099: PDB "vc120.pdb" wurde nicht mit "Vektoria_Debug.lib(Geos.obj)" oder an "C:\Users\Jonas\VektoriaV13_Beta\Windkraftwerk - Kopie\Debug\vc120.pdb" gefunden; Objekt wird verknüpft, als ob keine Debuginformationen vorhanden wären.
     1>Vektoria_Debug.lib(GeoSweep.obj) : warning LNK4099: PDB "vc120.pdb" wurde nicht mit "Vektoria_Debug.lib(GeoSweep.obj)" oder an "C:\Users\Jonas\VektoriaV13_Beta\Windkraftwerk - Kopie\Debug\vc120.pdb" gefunden; Objekt wird verknüpft, als ob keine Debuginformationen vorhanden wären.
     1>Vektoria_Debug.lib(GeoTube.obj) : warning LNK4099: PDB "vc120.pdb" wurde nicht mit "Vektoria_Debug.lib(GeoTube.obj)" oder an "C:\Users\Jonas\VektoriaV13_Beta\Windkraftwerk - Kopie\Debug\vc120.pdb" gefunden; Objekt wird verknüpft, als ob keine Debuginformationen vorhanden wären.
     1>Vektoria_Debug.lib(Hardware.obj) : warning LNK4099: PDB "vc120.pdb" wurde nicht mit "Vektoria_Debug.lib(Hardware.obj)" oder an "C:\Users\Jonas\VektoriaV13_Beta\Windkraftwerk - Kopie\Debug\vc120.pdb" gefunden; Objekt wird verknüpft, als ob keine Debuginformationen vorhanden wären.
     1>Vektoria_Debug.lib(Hardwares.obj) : warning LNK4099: PDB "vc120.pdb" wurde nicht mit "Vektoria_Debug.lib(Hardwares.obj)" oder an "C:\Users\Jonas\VektoriaV13_Beta\Windkraftwerk - Kopie\Debug\vc120.pdb" gefunden; Objekt wird verknüpft, als ob keine Debuginformationen vorhanden wären.
     1>Vektoria_Debug.lib(Image.obj) : warning LNK4099: PDB "vc120.pdb" wurde nicht mit "Vektoria_Debug.lib(Image.obj)" oder an "C:\Users\Jonas\VektoriaV13_Beta\Windkraftwerk - Kopie\Debug\vc120.pdb" gefunden; Objekt wird verknüpft, als ob keine Debuginformationen vorhanden wären.
     1>Vektoria_Debug.lib(Light.obj) : warning LNK4099: PDB "vc120.pdb" wurde nicht mit "Vektoria_Debug.lib(Light.obj)" oder an "C:\Users\Jonas\VektoriaV13_Beta\Windkraftwerk - Kopie\Debug\vc120.pdb" gefunden; Objekt wird verknüpft, als ob keine Debuginformationen vorhanden wären.
     1>Vektoria_Debug.lib(Material.obj) : warning LNK4099: PDB "vc120.pdb" wurde nicht mit "Vektoria_Debug.lib(Material.obj)" oder an "C:\Users\Jonas\VektoriaV13_Beta\Windkraftwerk - Kopie\Debug\vc120.pdb" gefunden; Objekt wird verknüpft, als ob keine Debuginformationen vorhanden wären.
     1>Vektoria_Debug.lib(Materials.obj) : warning LNK4099: PDB "vc120.pdb" wurde nicht mit "Vektoria_Debug.lib(Materials.obj)" oder an "C:\Users\Jonas\VektoriaV13_Beta\Windkraftwerk - Kopie\Debug\vc120.pdb" gefunden; Objekt wird verknüpft, als ob keine Debuginformationen vorhanden wären.
     1>Vektoria_Debug.lib(Nodes.obj) : warning LNK4099: PDB "vc120.pdb" wurde nicht mit "Vektoria_Debug.lib(Nodes.obj)" oder an "C:\Users\Jonas\VektoriaV13_Beta\Windkraftwerk - Kopie\Debug\vc120.pdb" gefunden; Objekt wird verknüpft, als ob keine Debuginformationen vorhanden wären.
     1>Vektoria_Debug.lib(Overlay.obj) : warning LNK4099: PDB "vc120.pdb" wurde nicht mit "Vektoria_Debug.lib(Overlay.obj)" oder an "C:\Users\Jonas\VektoriaV13_Beta\Windkraftwerk - Kopie\Debug\vc120.pdb" gefunden; Objekt wird verknüpft, als ob keine Debuginformationen vorhanden wären.
     1>Vektoria_Debug.lib(Overlays.obj) : warning LNK4099: PDB "vc120.pdb" wurde nicht mit "Vektoria_Debug.lib(Overlays.obj)" oder an "C:\Users\Jonas\VektoriaV13_Beta\Windkraftwerk - Kopie\Debug\vc120.pdb" gefunden; Objekt wird verknüpft, als ob keine Debuginformationen vorhanden wären.
     1>Vektoria_Debug.lib(ParallelLight.obj) : warning LNK4099: PDB "vc120.pdb" wurde nicht mit "Vektoria_Debug.lib(ParallelLight.obj)" oder an "C:\Users\Jonas\VektoriaV13_Beta\Windkraftwerk - Kopie\Debug\vc120.pdb" gefunden; Objekt wird verknüpft, als ob keine Debuginformationen vorhanden wären.
     1>Vektoria_Debug.lib(ParallelLights.obj) : warning LNK4099: PDB "vc120.pdb" wurde nicht mit "Vektoria_Debug.lib(ParallelLights.obj)" oder an "C:\Users\Jonas\VektoriaV13_Beta\Windkraftwerk - Kopie\Debug\vc120.pdb" gefunden; Objekt wird verknüpft, als ob keine Debuginformationen vorhanden wären.
     1>Vektoria_Debug.lib(Placement.obj) : warning LNK4099: PDB "vc120.pdb" wurde nicht mit "Vektoria_Debug.lib(Placement.obj)" oder an "C:\Users\Jonas\VektoriaV13_Beta\Windkraftwerk - Kopie\Debug\vc120.pdb" gefunden; Objekt wird verknüpft, als ob keine Debuginformationen vorhanden wären.
     1>Vektoria_Debug.lib(Placements.obj) : warning LNK4099: PDB "vc120.pdb" wurde nicht mit "Vektoria_Debug.lib(Placements.obj)" oder an "C:\Users\Jonas\VektoriaV13_Beta\Windkraftwerk - Kopie\Debug\vc120.pdb" gefunden; Objekt wird verknüpft, als ob keine Debuginformationen vorhanden wären.
     1>Vektoria_Debug.lib(PointLight.obj) : warning LNK4099: PDB "vc120.pdb" wurde nicht mit "Vektoria_Debug.lib(PointLight.obj)" oder an "C:\Users\Jonas\VektoriaV13_Beta\Windkraftwerk - Kopie\Debug\vc120.pdb" gefunden; Objekt wird verknüpft, als ob keine Debuginformationen vorhanden wären.
     1>Vektoria_Debug.lib(PointLights.obj) : warning LNK4099: PDB "vc120.pdb" wurde nicht mit "Vektoria_Debug.lib(PointLights.obj)" oder an "C:\Users\Jonas\VektoriaV13_Beta\Windkraftwerk - Kopie\Debug\vc120.pdb" gefunden; Objekt wird verknüpft, als ob keine Debuginformationen vorhanden wären.
     1>Vektoria_Debug.lib(Root.obj) : warning LNK4099: PDB "vc120.pdb" wurde nicht mit "Vektoria_Debug.lib(Root.obj)" oder an "C:\Users\Jonas\VektoriaV13_Beta\Windkraftwerk - Kopie\Debug\vc120.pdb" gefunden; Objekt wird verknüpft, als ob keine Debuginformationen vorhanden wären.
     1>Vektoria_Debug.lib(Scene.obj) : warning LNK4099: PDB "vc120.pdb" wurde nicht mit "Vektoria_Debug.lib(Scene.obj)" oder an "C:\Users\Jonas\VektoriaV13_Beta\Windkraftwerk - Kopie\Debug\vc120.pdb" gefunden; Objekt wird verknüpft, als ob keine Debuginformationen vorhanden wären.
     1>Vektoria_Debug.lib(Scenes.obj) : warning LNK4099: PDB "vc120.pdb" wurde nicht mit "Vektoria_Debug.lib(Scenes.obj)" oder an "C:\Users\Jonas\VektoriaV13_Beta\Windkraftwerk - Kopie\Debug\vc120.pdb" gefunden; Objekt wird verknüpft, als ob keine Debuginformationen vorhanden wären.
     1>Vektoria_Debug.lib(SpotLight.obj) : warning LNK4099: PDB "vc120.pdb" wurde nicht mit "Vektoria_Debug.lib(SpotLight.obj)" oder an "C:\Users\Jonas\VektoriaV13_Beta\Windkraftwerk - Kopie\Debug\vc120.pdb" gefunden; Objekt wird verknüpft, als ob keine Debuginformationen vorhanden wären.
     1>Vektoria_Debug.lib(SpotLights.obj) : warning LNK4099: PDB "vc120.pdb" wurde nicht mit "Vektoria_Debug.lib(SpotLights.obj)" oder an "C:\Users\Jonas\VektoriaV13_Beta\Windkraftwerk - Kopie\Debug\vc120.pdb" gefunden; Objekt wird verknüpft, als ob keine Debuginformationen vorhanden wären.
     1>Vektoria_Debug.lib(Texture.obj) : warning LNK4099: PDB "vc120.pdb" wurde nicht mit "Vektoria_Debug.lib(Texture.obj)" oder an "C:\Users\Jonas\VektoriaV13_Beta\Windkraftwerk - Kopie\Debug\vc120.pdb" gefunden; Objekt wird verknüpft, als ob keine Debuginformationen vorhanden wären.
     1>Vektoria_Debug.lib(TriangleList.obj) : warning LNK4099: PDB "vc120.pdb" wurde nicht mit "Vektoria_Debug.lib(TriangleList.obj)" oder an "C:\Users\Jonas\VektoriaV13_Beta\Windkraftwerk - Kopie\Debug\vc120.pdb" gefunden; Objekt wird verknüpft, als ob keine Debuginformationen vorhanden wären.
     1>Vektoria_Debug.lib(TriangleLists.obj) : warning LNK4099: PDB "vc120.pdb" wurde nicht mit "Vektoria_Debug.lib(TriangleLists.obj)" oder an "C:\Users\Jonas\VektoriaV13_Beta\Windkraftwerk - Kopie\Debug\vc120.pdb" gefunden; Objekt wird verknüpft, als ob keine Debuginformationen vorhanden wären.
     1>Vektoria_Debug.lib(TriangleStrip.obj) : warning LNK4099: PDB "vc120.pdb" wurde nicht mit "Vektoria_Debug.lib(TriangleStrip.obj)" oder an "C:\Users\Jonas\VektoriaV13_Beta\Windkraftwerk - Kopie\Debug\vc120.pdb" gefunden; Objekt wird verknüpft, als ob keine Debuginformationen vorhanden wären.
     1>Vektoria_Debug.lib(Vertex.obj) : warning LNK4099: PDB "vc120.pdb" wurde nicht mit "Vektoria_Debug.lib(Vertex.obj)" oder an "C:\Users\Jonas\VektoriaV13_Beta\Windkraftwerk - Kopie\Debug\vc120.pdb" gefunden; Objekt wird verknüpft, als ob keine Debuginformationen vorhanden wären.
     1>Vektoria_Debug.lib(Vertexs.obj) : warning LNK4099: PDB "vc120.pdb" wurde nicht mit "Vektoria_Debug.lib(Vertexs.obj)" oder an "C:\Users\Jonas\VektoriaV13_Beta\Windkraftwerk - Kopie\Debug\vc120.pdb" gefunden; Objekt wird verknüpft, als ob keine Debuginformationen vorhanden wären.
     1>Vektoria_Debug.lib(Viewport.obj) : warning LNK4099: PDB "vc120.pdb" wurde nicht mit "Vektoria_Debug.lib(Viewport.obj)" oder an "C:\Users\Jonas\VektoriaV13_Beta\Windkraftwerk - Kopie\Debug\vc120.pdb" gefunden; Objekt wird verknüpft, als ob keine Debuginformationen vorhanden wären.
     1>Vektoria_Debug.lib(Viewports.obj) : warning LNK4099: PDB "vc120.pdb" wurde nicht mit "Vektoria_Debug.lib(Viewports.obj)" oder an "C:\Users\Jonas\VektoriaV13_Beta\Windkraftwerk - Kopie\Debug\vc120.pdb" gefunden; Objekt wird verknüpft, als ob keine Debuginformationen vorhanden wären.
     1>Vektoria_Debug.lib(Node.obj) : warning LNK4099: PDB "vc120.pdb" wurde nicht mit "Vektoria_Debug.lib(Node.obj)" oder an "C:\Users\Jonas\VektoriaV13_Beta\Windkraftwerk - Kopie\Debug\vc120.pdb" gefunden; Objekt wird verknüpft, als ob keine Debuginformationen vorhanden wären.
     1>Vektoria_Debug.lib(Wribel.obj) : warning LNK4099: PDB "vc120.pdb" wurde nicht mit "Vektoria_Debug.lib(Wribel.obj)" oder an "C:\Users\Jonas\VektoriaV13_Beta\Windkraftwerk - Kopie\Debug\vc120.pdb" gefunden; Objekt wird verknüpft, als ob keine Debuginformationen vorhanden wären.
     1>Vektoria_Debug.lib(Wribels.obj) : warning LNK4099: PDB "vc120.pdb" wurde nicht mit "Vektoria_Debug.lib(Wribels.obj)" oder an "C:\Users\Jonas\VektoriaV13_Beta\Windkraftwerk - Kopie\Debug\vc120.pdb" gefunden; Objekt wird verknüpft, als ob keine Debuginformationen vorhanden wären.
     1>Vektoria_Debug.lib(Writing.obj) : warning LNK4099: PDB "vc120.pdb" wurde nicht mit "Vektoria_Debug.lib(Writing.obj)" oder an "C:\Users\Jonas\VektoriaV13_Beta\Windkraftwerk - Kopie\Debug\vc120.pdb" gefunden; Objekt wird verknüpft, als ob keine Debuginformationen vorhanden wären.
     1>Vektoria_Debug.lib(WritingChar.obj) : warning LNK4099: PDB "vc120.pdb" wurde nicht mit "Vektoria_Debug.lib(WritingChar.obj)" oder an "C:\Users\Jonas\VektoriaV13_Beta\Windkraftwerk - Kopie\Debug\vc120.pdb" gefunden; Objekt wird verknüpft, als ob keine Debuginformationen vorhanden wären.
     1>Vektoria_Debug.lib(WritingChars.obj) : warning LNK4099: PDB "vc120.pdb" wurde nicht mit "Vektoria_Debug.lib(WritingChars.obj)" oder an "C:\Users\Jonas\VektoriaV13_Beta\Windkraftwerk - Kopie\Debug\vc120.pdb" gefunden; Objekt wird verknüpft, als ob keine Debuginformationen vorhanden wären.
     1>Vektoria_Debug.lib(Writings.obj) : warning LNK4099: PDB "vc120.pdb" wurde nicht mit "Vektoria_Debug.lib(Writings.obj)" oder an "C:\Users\Jonas\VektoriaV13_Beta\Windkraftwerk - Kopie\Debug\vc120.pdb" gefunden; Objekt wird verknüpft, als ob keine Debuginformationen vorhanden wären.
     1>VektoriaMath_Debug.lib(AABB.obj) : warning LNK4099: PDB "vc120.pdb" wurde nicht mit "VektoriaMath_Debug.lib(AABB.obj)" oder an "C:\Users\Jonas\VektoriaV13_Beta\Windkraftwerk - Kopie\Debug\vc120.pdb" gefunden; Objekt wird verknüpft, als ob keine Debuginformationen vorhanden wären.
     1>VektoriaMath_Debug.lib(Color.obj) : warning LNK4099: PDB "vc120.pdb" wurde nicht mit "VektoriaMath_Debug.lib(Color.obj)" oder an "C:\Users\Jonas\VektoriaV13_Beta\Windkraftwerk - Kopie\Debug\vc120.pdb" gefunden; Objekt wird verknüpft, als ob keine Debuginformationen vorhanden wären.
     1>VektoriaMath_Debug.lib(FloatRect.obj) : warning LNK4099: PDB "vc120.pdb" wurde nicht mit "VektoriaMath_Debug.lib(FloatRect.obj)" oder an "C:\Users\Jonas\VektoriaV13_Beta\Windkraftwerk - Kopie\Debug\vc120.pdb" gefunden; Objekt wird verknüpft, als ob keine Debuginformationen vorhanden wären.
     1>VektoriaMath_Debug.lib(Frustum.obj) : warning LNK4099: PDB "vc120.pdb" wurde nicht mit "VektoriaMath_Debug.lib(Frustum.obj)" oder an "C:\Users\Jonas\VektoriaV13_Beta\Windkraftwerk - Kopie\Debug\vc120.pdb" gefunden; Objekt wird verknüpft, als ob keine Debuginformationen vorhanden wären.
     1>VektoriaMath_Debug.lib(HMat.obj) : warning LNK4099: PDB "vc120.pdb" wurde nicht mit "VektoriaMath_Debug.lib(HMat.obj)" oder an "C:\Users\Jonas\VektoriaV13_Beta\Windkraftwerk - Kopie\Debug\vc120.pdb" gefunden; Objekt wird verknüpft, als ob keine Debuginformationen vorhanden wären.
     1>VektoriaMath_Debug.lib(HMats.obj) : warning LNK4099: PDB "vc120.pdb" wurde nicht mit "VektoriaMath_Debug.lib(HMats.obj)" oder an "C:\Users\Jonas\VektoriaV13_Beta\Windkraftwerk - Kopie\Debug\vc120.pdb" gefunden; Objekt wird verknüpft, als ob keine Debuginformationen vorhanden wären.
     1>VektoriaMath_Debug.lib(HVector.obj) : warning LNK4099: PDB "vc120.pdb" wurde nicht mit "VektoriaMath_Debug.lib(HVector.obj)" oder an "C:\Users\Jonas\VektoriaV13_Beta\Windkraftwerk - Kopie\Debug\vc120.pdb" gefunden; Objekt wird verknüpft, als ob keine Debuginformationen vorhanden wären.
     1>VektoriaMath_Debug.lib(HVectors.obj) : warning LNK4099: PDB "vc120.pdb" wurde nicht mit "VektoriaMath_Debug.lib(HVectors.obj)" oder an "C:\Users\Jonas\VektoriaV13_Beta\Windkraftwerk - Kopie\Debug\vc120.pdb" gefunden; Objekt wird verknüpft, als ob keine Debuginformationen vorhanden wären.
     1>VektoriaMath_Debug.lib(Plane.obj) : warning LNK4099: PDB "vc120.pdb" wurde nicht mit "VektoriaMath_Debug.lib(Plane.obj)" oder an "C:\Users\Jonas\VektoriaV13_Beta\Windkraftwerk - Kopie\Debug\vc120.pdb" gefunden; Objekt wird verknüpft, als ob keine Debuginformationen vorhanden wären.
     1>VektoriaMath_Debug.lib(Quaternion.obj) : warning LNK4099: PDB "vc120.pdb" wurde nicht mit "VektoriaMath_Debug.lib(Quaternion.obj)" oder an "C:\Users\Jonas\VektoriaV13_Beta\Windkraftwerk - Kopie\Debug\vc120.pdb" gefunden; Objekt wird verknüpft, als ob keine Debuginformationen vorhanden wären.
     1>VektoriaMath_Debug.lib(Ray.obj) : warning LNK4099: PDB "vc120.pdb" wurde nicht mit "VektoriaMath_Debug.lib(Ray.obj)" oder an "C:\Users\Jonas\VektoriaV13_Beta\Windkraftwerk - Kopie\Debug\vc120.pdb" gefunden; Objekt wird verknüpft, als ob keine Debuginformationen vorhanden wären.
     1>ApiUtils_Debug.lib(BufferMap.obj) : warning LNK4099: PDB "vc120.pdb" wurde nicht mit "ApiUtils_Debug.lib(BufferMap.obj)" oder an "C:\Users\Jonas\VektoriaV13_Beta\Windkraftwerk - Kopie\Debug\vc120.pdb" gefunden; Objekt wird verknüpft, als ob keine Debuginformationen vorhanden wären.
     1>ApiUtils_Debug.lib(DrawObject.obj) : warning LNK4099: PDB "vc120.pdb" wurde nicht mit "ApiUtils_Debug.lib(DrawObject.obj)" oder an "C:\Users\Jonas\VektoriaV13_Beta\Windkraftwerk - Kopie\Debug\vc120.pdb" gefunden; Objekt wird verknüpft, als ob keine Debuginformationen vorhanden wären.
     1>ApiUtils_Debug.lib(DrawObjects.obj) : warning LNK4099: PDB "vc120.pdb" wurde nicht mit "ApiUtils_Debug.lib(DrawObjects.obj)" oder an "C:\Users\Jonas\VektoriaV13_Beta\Windkraftwerk - Kopie\Debug\vc120.pdb" gefunden; Objekt wird verknüpft, als ob keine Debuginformationen vorhanden wären.
     1>ApiUtils_Debug.lib(Shadercache.obj) : warning LNK4099: PDB "vc120.pdb" wurde nicht mit "ApiUtils_Debug.lib(Shadercache.obj)" oder an "C:\Users\Jonas\VektoriaV13_Beta\Windkraftwerk - Kopie\Debug\vc120.pdb" gefunden; Objekt wird verknüpft, als ob keine Debuginformationen vorhanden wären.
     1>ApiNullRenderer_Debug.lib(NullRenderer.obj) : warning LNK4099: PDB "vc120.pdb" wurde nicht mit "ApiNullRenderer_Debug.lib(NullRenderer.obj)" oder an "C:\Users\Jonas\VektoriaV13_Beta\Windkraftwerk - Kopie\Debug\vc120.pdb" gefunden; Objekt wird verknüpft, als ob keine Debuginformationen vorhanden wären.
     1>ApiNullRenderer_Debug.lib(stdafx.obj) : warning LNK4099: PDB "vc120.pdb" wurde nicht mit "ApiNullRenderer_Debug.lib(stdafx.obj)" oder an "C:\Users\Jonas\VektoriaV13_Beta\Windkraftwerk - Kopie\Debug\vc120.pdb" gefunden; Objekt wird verknüpft, als ob keine Debuginformationen vorhanden wären.
     1>ApiDirectX11Basic_Debug.lib(DirectX11Basic.obj) : warning LNK4099: PDB "vc120.pdb" wurde nicht mit "ApiDirectX11Basic_Debug.lib(DirectX11Basic.obj)" oder an "C:\Users\Jonas\VektoriaV13_Beta\Windkraftwerk - Kopie\Debug\vc120.pdb" gefunden; Objekt wird verknüpft, als ob keine Debuginformationen vorhanden wären.
     1>ApiDirectInput08_Debug.lib(DIDevice.obj) : warning LNK4099: PDB "vc120.pdb" wurde nicht mit "ApiDirectInput08_Debug.lib(DIDevice.obj)" oder an "C:\Users\Jonas\VektoriaV13_Beta\Windkraftwerk - Kopie\Debug\vc120.pdb" gefunden; Objekt wird verknüpft, als ob keine Debuginformationen vorhanden wären.
     1>ApiDirectInput08_Debug.lib(DIGameController.obj) : warning LNK4099: PDB "vc120.pdb" wurde nicht mit "ApiDirectInput08_Debug.lib(DIGameController.obj)" oder an "C:\Users\Jonas\VektoriaV13_Beta\Windkraftwerk - Kopie\Debug\vc120.pdb" gefunden; Objekt wird verknüpft, als ob keine Debuginformationen vorhanden wären.
     1>ApiDirectInput08_Debug.lib(DIKeyboard.obj) : warning LNK4099: PDB "vc120.pdb" wurde nicht mit "ApiDirectInput08_Debug.lib(DIKeyboard.obj)" oder an "C:\Users\Jonas\VektoriaV13_Beta\Windkraftwerk - Kopie\Debug\vc120.pdb" gefunden; Objekt wird verknüpft, als ob keine Debuginformationen vorhanden wären.
     1>ApiDirectInput08_Debug.lib(DIMouse.obj) : warning LNK4099: PDB "vc120.pdb" wurde nicht mit "ApiDirectInput08_Debug.lib(DIMouse.obj)" oder an "C:\Users\Jonas\VektoriaV13_Beta\Windkraftwerk - Kopie\Debug\vc120.pdb" gefunden; Objekt wird verknüpft, als ob keine Debuginformationen vorhanden wären.
     1>ApiDirectInput08_Debug.lib(stdafx.obj) : warning LNK4099: PDB "vc120.pdb" wurde nicht mit "ApiDirectInput08_Debug.lib(stdafx.obj)" oder an "C:\Users\Jonas\VektoriaV13_Beta\Windkraftwerk - Kopie\Debug\vc120.pdb" gefunden; Objekt wird verknüpft, als ob keine Debuginformationen vorhanden wären.
     1>ApiDirectX11FP_Debug.lib(DirectX11FP.obj) : warning LNK4099: PDB "vc120.pdb" wurde nicht mit "ApiDirectX11FP_Debug.lib(DirectX11FP.obj)" oder an "C:\Users\Jonas\VektoriaV13_Beta\Windkraftwerk - Kopie\Debug\vc120.pdb" gefunden; Objekt wird verknüpft, als ob keine Debuginformationen vorhanden wären.
     1>ApiDirectX11FP_Debug.lib(DXUtilities.obj) : warning LNK4099: PDB "vc120.pdb" wurde nicht mit "ApiDirectX11FP_Debug.lib(DXUtilities.obj)" oder an "C:\Users\Jonas\VektoriaV13_Beta\Windkraftwerk - Kopie\Debug\vc120.pdb" gefunden; Objekt wird verknüpft, als ob keine Debuginformationen vorhanden wären.
     1>ApiDirectX11FP_Debug.lib(ForwardPlusRenderer.obj) : warning LNK4099: PDB "vc120.pdb" wurde nicht mit "ApiDirectX11FP_Debug.lib(ForwardPlusRenderer.obj)" oder an "C:\Users\Jonas\VektoriaV13_Beta\Windkraftwerk - Kopie\Debug\vc120.pdb" gefunden; Objekt wird verknüpft, als ob keine Debuginformationen vorhanden wären.
     1>ApiDirectX11FP_Debug.lib(GeometryUtil.obj) : warning LNK4099: PDB "vc120.pdb" wurde nicht mit "ApiDirectX11FP_Debug.lib(GeometryUtil.obj)" oder an "C:\Users\Jonas\VektoriaV13_Beta\Windkraftwerk - Kopie\Debug\vc120.pdb" gefunden; Objekt wird verknüpft, als ob keine Debuginformationen vorhanden wären.
     1>ApiDirectX11FP_Debug.lib(LightUtil.obj) : warning LNK4099: PDB "vc120.pdb" wurde nicht mit "ApiDirectX11FP_Debug.lib(LightUtil.obj)" oder an "C:\Users\Jonas\VektoriaV13_Beta\Windkraftwerk - Kopie\Debug\vc120.pdb" gefunden; Objekt wird verknüpft, als ob keine Debuginformationen vorhanden wären.
     1>ApiDirectX11FP_Debug.lib(MaterialUtil.obj) : warning LNK4099: PDB "vc120.pdb" wurde nicht mit "ApiDirectX11FP_Debug.lib(MaterialUtil.obj)" oder an "C:\Users\Jonas\VektoriaV13_Beta\Windkraftwerk - Kopie\Debug\vc120.pdb" gefunden; Objekt wird verknüpft, als ob keine Debuginformationen vorhanden wären.
     1>ApiDirectX11FP_Debug.lib(PostBloom.obj) : warning LNK4099: PDB "vc120.pdb" wurde nicht mit "ApiDirectX11FP_Debug.lib(PostBloom.obj)" oder an "C:\Users\Jonas\VektoriaV13_Beta\Windkraftwerk - Kopie\Debug\vc120.pdb" gefunden; Objekt wird verknüpft, als ob keine Debuginformationen vorhanden wären.
     1>ApiDirectX11FP_Debug.lib(PostDoF.obj) : warning LNK4099: PDB "vc120.pdb" wurde nicht mit "ApiDirectX11FP_Debug.lib(PostDoF.obj)" oder an "C:\Users\Jonas\VektoriaV13_Beta\Windkraftwerk - Kopie\Debug\vc120.pdb" gefunden; Objekt wird verknüpft, als ob keine Debuginformationen vorhanden wären.
     1>ApiDirectX11FP_Debug.lib(PostGodRays.obj) : warning LNK4099: PDB "vc120.pdb" wurde nicht mit "ApiDirectX11FP_Debug.lib(PostGodRays.obj)" oder an "C:\Users\Jonas\VektoriaV13_Beta\Windkraftwerk - Kopie\Debug\vc120.pdb" gefunden; Objekt wird verknüpft, als ob keine Debuginformationen vorhanden wären.
     1>ApiDirectX11FP_Debug.lib(PostProcessor.obj) : warning LNK4099: PDB "vc120.pdb" wurde nicht mit "ApiDirectX11FP_Debug.lib(PostProcessor.obj)" oder an "C:\Users\Jonas\VektoriaV13_Beta\Windkraftwerk - Kopie\Debug\vc120.pdb" gefunden; Objekt wird verknüpft, als ob keine Debuginformationen vorhanden wären.
     1>ApiDirectX11FP_Debug.lib(RSMRenderer.obj) : warning LNK4099: PDB "vc120.pdb" wurde nicht mit "ApiDirectX11FP_Debug.lib(RSMRenderer.obj)" oder an "C:\Users\Jonas\VektoriaV13_Beta\Windkraftwerk - Kopie\Debug\vc120.pdb" gefunden; Objekt wird verknüpft, als ob keine Debuginformationen vorhanden wären.
     1>ApiDirectX11FP_Debug.lib(ShadowRenderer.obj) : warning LNK4099: PDB "vc120.pdb" wurde nicht mit "ApiDirectX11FP_Debug.lib(ShadowRenderer.obj)" oder an "C:\Users\Jonas\VektoriaV13_Beta\Windkraftwerk - Kopie\Debug\vc120.pdb" gefunden; Objekt wird verknüpft, als ob keine Debuginformationen vorhanden wären.
     1>ApiDirectX11FP_Debug.lib(SpriteRenderer.obj) : warning LNK4099: PDB "vc120.pdb" wurde nicht mit "ApiDirectX11FP_Debug.lib(SpriteRenderer.obj)" oder an "C:\Users\Jonas\VektoriaV13_Beta\Windkraftwerk - Kopie\Debug\vc120.pdb" gefunden; Objekt wird verknüpft, als ob keine Debuginformationen vorhanden wären.
     1>ApiOpenGL40_Debug.lib(OpenGL40.obj) : warning LNK4099: PDB "vc120.pdb" wurde nicht mit "ApiOpenGL40_Debug.lib(OpenGL40.obj)" oder an "C:\Users\Jonas\VektoriaV13_Beta\Windkraftwerk - Kopie\Debug\vc120.pdb" gefunden; Objekt wird verknüpft, als ob keine Debuginformationen vorhanden wären.
     1>ApiNullSound_Debug.lib(NullSound.obj) : warning LNK4099: PDB "vc120.pdb" wurde nicht mit "ApiNullSound_Debug.lib(NullSound.obj)" oder an "C:\Users\Jonas\VektoriaV13_Beta\Windkraftwerk - Kopie\Debug\vc120.pdb" gefunden; Objekt wird verknüpft, als ob keine Debuginformationen vorhanden wären.
     1>ApiNullSound_Debug.lib(stdafx.obj) : warning LNK4099: PDB "vc120.pdb" wurde nicht mit "ApiNullSound_Debug.lib(stdafx.obj)" oder an "C:\Users\Jonas\VektoriaV13_Beta\Windkraftwerk - Kopie\Debug\vc120.pdb" gefunden; Objekt wird verknüpft, als ob keine Debuginformationen vorhanden wären.
     1>ApiDirectSound_Debug.lib(DirectSound.obj) : warning LNK4099: PDB "vc120.pdb" wurde nicht mit "ApiDirectSound_Debug.lib(DirectSound.obj)" oder an "C:\Users\Jonas\VektoriaV13_Beta\Windkraftwerk - Kopie\Debug\vc120.pdb" gefunden; Objekt wird verknüpft, als ob keine Debuginformationen vorhanden wären.
     1>ApiDirectSound_Debug.lib(stdafx.obj) : warning LNK4099: PDB "vc120.pdb" wurde nicht mit "ApiDirectSound_Debug.lib(stdafx.obj)" oder an "C:\Users\Jonas\VektoriaV13_Beta\Windkraftwerk - Kopie\Debug\vc120.pdb" gefunden; Objekt wird verknüpft, als ob keine Debuginformationen vorhanden wären.
         VektoriaApp.vcxproj -> C:\Users\Jonas\VektoriaV13_Beta\Windkraftwerk - Kopie\Debug\VektoriaApp.exe
     1>Die Erstellung des Projekts "C:\Users\Jonas\VektoriaV13_Beta\Windkraftwerk - Kopie\VektoriaApp\VektoriaApp.vcxproj" ist abgeschlossen, Build Ziel(e).

Build erfolgreich.

Verstrichene Zeit 00:00:02.19
